[2025-03-03 06:08:15,603] INFO [ControllerEventThread controllerId=0] Starting (kafka.controller.ControllerEventManager$ControllerEventThread)
[2025-03-03 06:08:15,634] INFO [Controller id=0] 0 successfully elected as the controller. Epoch incremented to 1 and epoch zk version is now 1 (kafka.controller.KafkaController)
[2025-03-03 06:08:15,638] INFO [Controller id=0] Creating FeatureZNode at path: /feature with contents: FeatureZNode(2,Enabled,Map()) (kafka.controller.KafkaController)
[2025-03-03 06:08:15,667] INFO [Controller id=0] Registering handlers (kafka.controller.KafkaController)
[2025-03-03 06:08:15,671] INFO [Controller id=0] Deleting log dir event notifications (kafka.controller.KafkaController)
[2025-03-03 06:08:15,674] INFO [Controller id=0] Deleting isr change notifications (kafka.controller.KafkaController)
[2025-03-03 06:08:15,677] INFO [Controller id=0] Initializing controller context (kafka.controller.KafkaController)
[2025-03-03 06:08:15,695] INFO [Controller id=0] Initialized broker epochs cache: HashMap(0 -> 25) (kafka.controller.KafkaController)
[2025-03-03 06:08:15,701] DEBUG [Controller id=0] Register BrokerModifications handler for Set(0) (kafka.controller.KafkaController)
[2025-03-03 06:08:15,710] DEBUG [Channel manager on controller 0]: Controller 0 trying to connect to broker 0 (kafka.controller.ControllerChannelManager)
[2025-03-03 06:08:15,722] INFO [RequestSendThread controllerId=0] Starting (kafka.controller.RequestSendThread)
[2025-03-03 06:08:15,725] INFO [Controller id=0] Currently active brokers in the cluster: Set(0) (kafka.controller.KafkaController)
[2025-03-03 06:08:15,725] INFO [Controller id=0] Currently shutting brokers in the cluster: HashSet() (kafka.controller.KafkaController)
[2025-03-03 06:08:15,726] INFO [Controller id=0] Current list of topics in the cluster: HashSet() (kafka.controller.KafkaController)
[2025-03-03 06:08:15,726] INFO [Controller id=0] Fetching topic deletions in progress (kafka.controller.KafkaController)
[2025-03-03 06:08:15,730] INFO [Controller id=0] List of topics to be deleted:  (kafka.controller.KafkaController)
[2025-03-03 06:08:15,731] INFO [Controller id=0] List of topics ineligible for deletion:  (kafka.controller.KafkaController)
[2025-03-03 06:08:15,731] INFO [Controller id=0] Initializing topic deletion manager (kafka.controller.KafkaController)
[2025-03-03 06:08:15,732] INFO [Topic Deletion Manager 0] Initializing manager with initial deletions: Set(), initial ineligible deletions: HashSet() (kafka.controller.TopicDeletionManager)
[2025-03-03 06:08:15,733] INFO [Controller id=0] Sending update metadata request (kafka.controller.KafkaController)
[2025-03-03 06:08:15,749] INFO [ReplicaStateMachine controllerId=0] Initializing replica state (kafka.controller.ZkReplicaStateMachine)
[2025-03-03 06:08:15,780] INFO [ReplicaStateMachine controllerId=0] Triggering online replica state changes (kafka.controller.ZkReplicaStateMachine)
[2025-03-03 06:08:15,787] INFO [ReplicaStateMachine controllerId=0] Triggering offline replica state changes (kafka.controller.ZkReplicaStateMachine)
[2025-03-03 06:08:15,788] DEBUG [ReplicaStateMachine controllerId=0] Started replica state machine with initial state -> HashMap() (kafka.controller.ZkReplicaStateMachine)
[2025-03-03 06:08:15,788] INFO [PartitionStateMachine controllerId=0] Initializing partition state (kafka.controller.ZkPartitionStateMachine)
[2025-03-03 06:08:15,789] INFO [PartitionStateMachine controllerId=0] Triggering online partition state changes (kafka.controller.ZkPartitionStateMachine)
[2025-03-03 06:08:15,794] DEBUG [PartitionStateMachine controllerId=0] Started partition state machine with initial state -> HashMap() (kafka.controller.ZkPartitionStateMachine)
[2025-03-03 06:08:15,794] INFO [Controller id=0] Ready to serve as the new controller with epoch 1 (kafka.controller.KafkaController)
[2025-03-03 06:08:15,798] WARN [RequestSendThread controllerId=0] Controller 0's connection to broker localhost:9092 (id: 0 rack: null) was unsuccessful (kafka.controller.RequestSendThread)
java.io.IOException: Connection to localhost:9092 (id: 0 rack: null) failed.
	at org.apache.kafka.clients.NetworkClientUtils.awaitReady(NetworkClientUtils.java:70)
	at kafka.controller.RequestSendThread.brokerReady(ControllerChannelManager.scala:298)
	at kafka.controller.RequestSendThread.doWork(ControllerChannelManager.scala:251)
	at org.apache.kafka.server.util.ShutdownableThread.run(ShutdownableThread.java:130)
[2025-03-03 06:08:15,802] INFO [Controller id=0] Partitions undergoing preferred replica election:  (kafka.controller.KafkaController)
[2025-03-03 06:08:15,802] INFO [Controller id=0] Partitions that completed preferred replica election:  (kafka.controller.KafkaController)
[2025-03-03 06:08:15,802] INFO [Controller id=0] Skipping preferred replica election for partitions due to topic deletion:  (kafka.controller.KafkaController)
[2025-03-03 06:08:15,803] INFO [Controller id=0] Resuming preferred replica election for partitions:  (kafka.controller.KafkaController)
[2025-03-03 06:08:15,804] INFO [Controller id=0] Starting replica leader election (PREFERRED) for partitions  triggered by ZkTriggered (kafka.controller.KafkaController)
[2025-03-03 06:08:15,819] INFO [Controller id=0] Starting the controller scheduler (kafka.controller.KafkaController)
[2025-03-03 06:08:15,904] INFO [RequestSendThread controllerId=0] Controller 0 connected to localhost:9092 (id: 0 rack: null) for sending state change requests (kafka.controller.RequestSendThread)
[2025-03-03 06:08:20,820] INFO [Controller id=0] Processing automatic preferred replica leader election (kafka.controller.KafkaController)
[2025-03-03 06:08:20,821] TRACE [Controller id=0] Checking need to trigger auto leader balancing (kafka.controller.KafkaController)
[2025-03-03 06:10:55,071] INFO [Controller id=0] New topics: [Set(user_interactions)], deleted topics: [HashSet()], new partition replica assignment [Set(TopicIdReplicaAssignment(user_interactions,Some(5Cdc3I7lS12qio61YIEz2g),Map(user_interactions-0 -> ReplicaAssignment(replicas=0, addingReplicas=, removingReplicas=))))] (kafka.controller.KafkaController)
[2025-03-03 06:10:55,072] INFO [Controller id=0] New partition creation callback for user_interactions-0 (kafka.controller.KafkaController)
[2025-03-03 06:13:20,824] INFO [Controller id=0] Processing automatic preferred replica leader election (kafka.controller.KafkaController)
[2025-03-03 06:13:20,825] TRACE [Controller id=0] Checking need to trigger auto leader balancing (kafka.controller.KafkaController)
[2025-03-03 06:13:20,830] DEBUG [Controller id=0] Topics not in preferred replica for broker 0 Map() (kafka.controller.KafkaController)
[2025-03-03 06:13:20,832] TRACE [Controller id=0] Leader imbalance ratio for broker 0 is 0.0 (kafka.controller.KafkaController)
[2025-03-03 06:18:20,832] INFO [Controller id=0] Processing automatic preferred replica leader election (kafka.controller.KafkaController)
[2025-03-03 06:18:20,833] TRACE [Controller id=0] Checking need to trigger auto leader balancing (kafka.controller.KafkaController)
[2025-03-03 06:18:20,833] DEBUG [Controller id=0] Topics not in preferred replica for broker 0 Map() (kafka.controller.KafkaController)
[2025-03-03 06:18:20,833] TRACE [Controller id=0] Leader imbalance ratio for broker 0 is 0.0 (kafka.controller.KafkaController)
[2025-03-03 06:23:20,837] INFO [Controller id=0] Processing automatic preferred replica leader election (kafka.controller.KafkaController)
[2025-03-03 06:23:20,841] TRACE [Controller id=0] Checking need to trigger auto leader balancing (kafka.controller.KafkaController)
[2025-03-03 06:23:20,841] DEBUG [Controller id=0] Topics not in preferred replica for broker 0 Map() (kafka.controller.KafkaController)
[2025-03-03 06:23:20,841] TRACE [Controller id=0] Leader imbalance ratio for broker 0 is 0.0 (kafka.controller.KafkaController)
[2025-03-03 06:26:42,120] INFO [Controller id=0] Shutting down broker 0 (kafka.controller.KafkaController)
[2025-03-03 06:26:42,121] DEBUG [Controller id=0] All shutting down brokers: 0 (kafka.controller.KafkaController)
[2025-03-03 06:26:42,121] DEBUG [Controller id=0] Live brokers:  (kafka.controller.KafkaController)
[2025-03-03 06:26:42,124] TRACE [Controller id=0] All leaders = user_interactions-0 -> (Leader:0,ISR:0,LeaderRecoveryState:RECOVERED,LeaderEpoch:0,ZkVersion:0,ControllerEpoch:1) (kafka.controller.KafkaController)
[2025-03-03 06:26:42,218] INFO [ControllerEventThread controllerId=0] Shutting down (kafka.controller.ControllerEventManager$ControllerEventThread)
[2025-03-03 06:26:42,218] INFO [ControllerEventThread controllerId=0] Stopped (kafka.controller.ControllerEventManager$ControllerEventThread)
[2025-03-03 06:26:42,218] INFO [ControllerEventThread controllerId=0] Shutdown completed (kafka.controller.ControllerEventManager$ControllerEventThread)
[2025-03-03 06:26:42,219] DEBUG [Controller id=0] Resigning (kafka.controller.KafkaController)
[2025-03-03 06:26:42,219] DEBUG [Controller id=0] Unregister BrokerModifications handler for Set(0) (kafka.controller.KafkaController)
[2025-03-03 06:26:42,220] INFO [PartitionStateMachine controllerId=0] Stopped partition state machine (kafka.controller.ZkPartitionStateMachine)
[2025-03-03 06:26:42,221] INFO [ReplicaStateMachine controllerId=0] Stopped replica state machine (kafka.controller.ZkReplicaStateMachine)
[2025-03-03 06:26:42,222] INFO [RequestSendThread controllerId=0] Shutting down (kafka.controller.RequestSendThread)
[2025-03-03 06:26:42,222] INFO [RequestSendThread controllerId=0] Shutdown completed (kafka.controller.RequestSendThread)
[2025-03-03 06:26:42,222] INFO [RequestSendThread controllerId=0] Stopped (kafka.controller.RequestSendThread)
[2025-03-03 06:26:42,224] INFO [Controller id=0] Resigned (kafka.controller.KafkaController)
[2025-03-03 06:36:26,324] INFO [ControllerEventThread controllerId=0] Starting (kafka.controller.ControllerEventManager$ControllerEventThread)
[2025-03-03 06:36:26,394] INFO [Controller id=0] 0 successfully elected as the controller. Epoch incremented to 2 and epoch zk version is now 2 (kafka.controller.KafkaController)
[2025-03-03 06:36:26,398] INFO [Controller id=0] Registering handlers (kafka.controller.KafkaController)
[2025-03-03 06:36:26,403] INFO [Controller id=0] Deleting log dir event notifications (kafka.controller.KafkaController)
[2025-03-03 06:36:26,407] INFO [Controller id=0] Deleting isr change notifications (kafka.controller.KafkaController)
[2025-03-03 06:36:26,410] INFO [Controller id=0] Initializing controller context (kafka.controller.KafkaController)
[2025-03-03 06:36:26,431] INFO [Controller id=0] Initialized broker epochs cache: HashMap(0 -> 116) (kafka.controller.KafkaController)
[2025-03-03 06:36:26,496] DEBUG [Controller id=0] Register BrokerModifications handler for Set(0) (kafka.controller.KafkaController)
[2025-03-03 06:36:26,552] DEBUG [Channel manager on controller 0]: Controller 0 trying to connect to broker 0 (kafka.controller.ControllerChannelManager)
[2025-03-03 06:36:26,614] INFO [RequestSendThread controllerId=0] Starting (kafka.controller.RequestSendThread)
[2025-03-03 06:36:26,618] INFO [Controller id=0] Currently active brokers in the cluster: Set(0) (kafka.controller.KafkaController)
[2025-03-03 06:36:26,619] INFO [Controller id=0] Currently shutting brokers in the cluster: HashSet() (kafka.controller.KafkaController)
[2025-03-03 06:36:26,619] INFO [Controller id=0] Current list of topics in the cluster: HashSet(user_interactions) (kafka.controller.KafkaController)
[2025-03-03 06:36:26,620] INFO [Controller id=0] Fetching topic deletions in progress (kafka.controller.KafkaController)
[2025-03-03 06:36:26,627] INFO [Controller id=0] List of topics to be deleted:  (kafka.controller.KafkaController)
[2025-03-03 06:36:26,629] INFO [Controller id=0] List of topics ineligible for deletion:  (kafka.controller.KafkaController)
[2025-03-03 06:36:26,629] INFO [Controller id=0] Initializing topic deletion manager (kafka.controller.KafkaController)
[2025-03-03 06:36:26,630] INFO [Topic Deletion Manager 0] Initializing manager with initial deletions: Set(), initial ineligible deletions: HashSet() (kafka.controller.TopicDeletionManager)
[2025-03-03 06:36:26,632] INFO [Controller id=0] Sending update metadata request (kafka.controller.KafkaController)
[2025-03-03 06:36:26,651] INFO [ReplicaStateMachine controllerId=0] Initializing replica state (kafka.controller.ZkReplicaStateMachine)
[2025-03-03 06:36:26,695] INFO [ReplicaStateMachine controllerId=0] Triggering online replica state changes (kafka.controller.ZkReplicaStateMachine)
[2025-03-03 06:36:26,703] WARN [RequestSendThread controllerId=0] Controller 0's connection to broker localhost:9092 (id: 0 rack: null) was unsuccessful (kafka.controller.RequestSendThread)
java.io.IOException: Connection to localhost:9092 (id: 0 rack: null) failed.
	at org.apache.kafka.clients.NetworkClientUtils.awaitReady(NetworkClientUtils.java:70)
	at kafka.controller.RequestSendThread.brokerReady(ControllerChannelManager.scala:298)
	at kafka.controller.RequestSendThread.doWork(ControllerChannelManager.scala:251)
	at org.apache.kafka.server.util.ShutdownableThread.run(ShutdownableThread.java:130)
[2025-03-03 06:36:26,726] INFO [ReplicaStateMachine controllerId=0] Triggering offline replica state changes (kafka.controller.ZkReplicaStateMachine)
[2025-03-03 06:36:26,726] DEBUG [ReplicaStateMachine controllerId=0] Started replica state machine with initial state -> HashMap([Topic=user_interactions,Partition=0,Replica=0] -> OnlineReplica) (kafka.controller.ZkReplicaStateMachine)
[2025-03-03 06:36:26,727] INFO [PartitionStateMachine controllerId=0] Initializing partition state (kafka.controller.ZkPartitionStateMachine)
[2025-03-03 06:36:26,730] INFO [PartitionStateMachine controllerId=0] Triggering online partition state changes (kafka.controller.ZkPartitionStateMachine)
[2025-03-03 06:36:26,733] DEBUG [PartitionStateMachine controllerId=0] Started partition state machine with initial state -> HashMap(user_interactions-0 -> OnlinePartition) (kafka.controller.ZkPartitionStateMachine)
[2025-03-03 06:36:26,733] INFO [Controller id=0] Ready to serve as the new controller with epoch 2 (kafka.controller.KafkaController)
[2025-03-03 06:36:26,741] INFO [Controller id=0] Partitions undergoing preferred replica election:  (kafka.controller.KafkaController)
[2025-03-03 06:36:26,742] INFO [Controller id=0] Partitions that completed preferred replica election:  (kafka.controller.KafkaController)
[2025-03-03 06:36:26,742] INFO [Controller id=0] Skipping preferred replica election for partitions due to topic deletion:  (kafka.controller.KafkaController)
[2025-03-03 06:36:26,742] INFO [Controller id=0] Resuming preferred replica election for partitions:  (kafka.controller.KafkaController)
[2025-03-03 06:36:26,744] INFO [Controller id=0] Starting replica leader election (PREFERRED) for partitions  triggered by ZkTriggered (kafka.controller.KafkaController)
[2025-03-03 06:36:26,803] INFO [Controller id=0] Starting the controller scheduler (kafka.controller.KafkaController)
[2025-03-03 06:36:26,812] INFO [RequestSendThread controllerId=0] Controller 0 connected to localhost:9092 (id: 0 rack: null) for sending state change requests (kafka.controller.RequestSendThread)
[2025-03-03 06:36:31,805] INFO [Controller id=0] Processing automatic preferred replica leader election (kafka.controller.KafkaController)
[2025-03-03 06:36:31,805] TRACE [Controller id=0] Checking need to trigger auto leader balancing (kafka.controller.KafkaController)
[2025-03-03 06:36:31,808] DEBUG [Controller id=0] Topics not in preferred replica for broker 0 Map() (kafka.controller.KafkaController)
[2025-03-03 06:36:31,809] TRACE [Controller id=0] Leader imbalance ratio for broker 0 is 0.0 (kafka.controller.KafkaController)
