[2025-03-03 06:08:15,738] INFO [Controller id=0 epoch=1] Sending UpdateMetadata request to brokers HashSet(0) for 0 partitions (state.change.logger)
[2025-03-03 06:10:55,076] INFO [Controller id=0 epoch=1] Changed partition user_interactions-0 state from NonExistentPartition to NewPartition with assigned replicas 0 (state.change.logger)
[2025-03-03 06:10:55,090] INFO [Controller id=0 epoch=1] Sending UpdateMetadata request to brokers HashSet() for 0 partitions (state.change.logger)
[2025-03-03 06:10:55,096] INFO [Controller id=0 epoch=1] Sending UpdateMetadata request to brokers HashSet() for 0 partitions (state.change.logger)
[2025-03-03 06:10:55,127] INFO [Controller id=0 epoch=1] Changed partition user_interactions-0 from NewPartition to OnlinePartition with state LeaderAndIsr(leader=0, leaderEpoch=0, isrWithBrokerEpoch=List(BrokerState(brokerId=0, brokerEpoch=-1)), leaderRecoveryState=RECOVERED, partitionEpoch=0) (state.change.logger)
[2025-03-03 06:10:55,129] INFO [Controller id=0 epoch=1] Sending LeaderAndIsr request to broker 0 with 1 become-leader and 0 become-follower partitions (state.change.logger)
[2025-03-03 06:10:55,131] INFO [Controller id=0 epoch=1] Sending UpdateMetadata request to brokers HashSet(0) for 1 partitions (state.change.logger)
[2025-03-03 06:10:55,132] INFO [Controller id=0 epoch=1] Sending UpdateMetadata request to brokers HashSet() for 0 partitions (state.change.logger)
[2025-03-03 06:10:55,137] INFO [Broker id=0] Handling LeaderAndIsr request correlationId 1 from controller 0 for 1 partitions (state.change.logger)
[2025-03-03 06:10:55,159] INFO [Broker id=0] Stopped fetchers as part of LeaderAndIsr request correlationId 1 from controller 0 epoch 1 as part of the become-leader transition for 1 partitions (state.change.logger)
[2025-03-03 06:10:55,241] INFO [Broker id=0] Leader user_interactions-0 with topic id Some(5Cdc3I7lS12qio61YIEz2g) starts at leader epoch 0 from offset 0 with partition epoch 0, high watermark 0, ISR [0], adding replicas [] and removing replicas [] . Previous leader None and previous leader epoch was -1. (state.change.logger)
[2025-03-03 06:10:55,256] INFO [Broker id=0] Finished LeaderAndIsr request in 120ms correlationId 1 from controller 0 for 1 partitions (state.change.logger)
[2025-03-03 06:10:55,268] INFO [Broker id=0] Add 1 partitions and deleted 0 partitions from metadata cache in response to UpdateMetadata request sent by controller 0 epoch 1 with correlation id 2 (state.change.logger)
[2025-03-03 06:26:42,123] INFO [Controller id=0 epoch=1] Sending UpdateMetadata request to brokers HashSet() for 0 partitions (state.change.logger)
[2025-03-03 06:36:26,637] INFO [Controller id=0 epoch=2] Sending UpdateMetadata request to brokers HashSet(0) for 0 partitions (state.change.logger)
[2025-03-03 06:36:26,721] INFO [Controller id=0 epoch=2] Sending LeaderAndIsr request to broker 0 with 1 become-leader and 0 become-follower partitions (state.change.logger)
[2025-03-03 06:36:26,725] INFO [Controller id=0 epoch=2] Sending UpdateMetadata request to brokers HashSet(0) for 1 partitions (state.change.logger)
[2025-03-03 06:36:26,943] INFO [Broker id=0] Handling LeaderAndIsr request correlationId 1 from controller 0 for 1 partitions (state.change.logger)
[2025-03-03 06:36:26,968] INFO [Broker id=0] Stopped fetchers as part of LeaderAndIsr request correlationId 1 from controller 0 epoch 2 as part of the become-leader transition for 1 partitions (state.change.logger)
[2025-03-03 06:36:27,005] INFO [Broker id=0] Leader user_interactions-0 with topic id Some(5Cdc3I7lS12qio61YIEz2g) starts at leader epoch 0 from offset 36 with partition epoch 0, high watermark 36, ISR [0], adding replicas [] and removing replicas [] . Previous leader None and previous leader epoch was -1. (state.change.logger)
[2025-03-03 06:36:27,021] INFO [Broker id=0] Finished LeaderAndIsr request in 79ms correlationId 1 from controller 0 for 1 partitions (state.change.logger)
[2025-03-03 06:36:27,032] INFO [Broker id=0] Add 1 partitions and deleted 0 partitions from metadata cache in response to UpdateMetadata request sent by controller 0 epoch 2 with correlation id 2 (state.change.logger)
